<?xml version="1.0" encoding="UTF-8"?>
<coverage generated="1746639706338" clover="3.2.0">
  <project timestamp="1746639706338" name="All files">
    <metrics statements="32" coveredstatements="32" conditionals="20" coveredconditionals="20" methods="10" coveredmethods="10" elements="62" coveredelements="62" complexity="0" loc="32" ncloc="32" packages="1" files="3" classes="3"/>
    <file name="app.js" path="C:\Users\sobhi\Desktop\repo\Google_bootcamp_JS\day_18_Js_unit_testing\src\app.js">
      <metrics statements="17" coveredstatements="17" conditionals="4" coveredconditionals="4" methods="6" coveredmethods="6"/>
      <line num="1" count="1" type="stmt"/>
      <line num="2" count="3" type="cond" truecount="2" falsecount="0"/>
      <line num="5" count="1" type="stmt"/>
      <line num="6" count="1" type="stmt"/>
      <line num="9" count="1" type="stmt"/>
      <line num="10" count="1" type="stmt"/>
      <line num="13" count="1" type="stmt"/>
      <line num="14" count="1" type="stmt"/>
      <line num="15" count="1" type="stmt"/>
      <line num="18" count="1" type="stmt"/>
      <line num="19" count="1" type="stmt"/>
      <line num="22" count="1" type="stmt"/>
      <line num="23" count="7" type="stmt"/>
      <line num="24" count="7" type="cond" truecount="2" falsecount="0"/>
      <line num="25" count="6" type="stmt"/>
      <line num="27" count="1" type="stmt"/>
      <line num="30" count="1" type="stmt"/>
    </file>
    <file name="calculator.js" path="C:\Users\sobhi\Desktop\repo\Google_bootcamp_JS\day_18_Js_unit_testing\src\calculator.js">
      <metrics statements="8" coveredstatements="8" conditionals="12" coveredconditionals="12" methods="1" coveredmethods="1"/>
      <line num="2" count="7" type="cond" truecount="4" falsecount="0"/>
      <line num="3" count="2" type="stmt"/>
      <line num="6" count="5" type="cond" truecount="2" falsecount="0"/>
      <line num="7" count="4" type="cond" truecount="2" falsecount="0"/>
      <line num="8" count="3" type="cond" truecount="2" falsecount="0"/>
      <line num="9" count="2" type="cond" truecount="2" falsecount="0"/>
      <line num="11" count="1" type="stmt"/>
      <line num="17" count="1" type="stmt"/>
    </file>
    <file name="script.js" path="C:\Users\sobhi\Desktop\repo\Google_bootcamp_JS\day_18_Js_unit_testing\src\script.js">
      <metrics statements="7" coveredstatements="7" conditionals="4" coveredconditionals="4" methods="3" coveredmethods="3"/>
      <line num="2" count="2" type="cond" truecount="2" falsecount="0"/>
      <line num="3" count="1" type="stmt"/>
      <line num="8" count="2" type="stmt"/>
      <line num="9" count="2" type="cond" truecount="2" falsecount="0"/>
      <line num="10" count="1" type="stmt"/>
      <line num="12" count="1" type="stmt"/>
      <line num="17" count="1" type="stmt"/>
    </file>
  </project>
</coverage>
