{"C:\\Users\\sobhi\\Desktop\\repo\\Google_bootcamp_JS\\day_18_Js_unit_testing\\src\\app.js": {"path":"C:\\Users\\sobhi\\Desktop\\repo\\Google_bootcamp_JS\\day_18_Js_unit_testing\\src\\app.js","statementMap":{"0":{"start":{"line":1,"column":20},"end":{"line":3,"column":1}},"1":{"start":{"line":2,"column":2},"end":{"line":2,"column":33}},"2":{"start":{"line":5,"column":17},"end":{"line":7,"column":1}},"3":{"start":{"line":6,"column":2},"end":{"line":6,"column":25}},"4":{"start":{"line":9,"column":14},"end":{"line":11,"column":1}},"5":{"start":{"line":10,"column":2},"end":{"line":10,"column":43}},"6":{"start":{"line":13,"column":18},"end":{"line":16,"column":1}},"7":{"start":{"line":14,"column":14},"end":{"line":14,"column":23}},"8":{"start":{"line":15,"column":2},"end":{"line":15,"column":13}},"9":{"start":{"line":18,"column":12},"end":{"line":20,"column":1}},"10":{"start":{"line":19,"column":2},"end":{"line":19,"column":22}},"11":{"start":{"line":22,"column":14},"end":{"line":28,"column":1}},"12":{"start":{"line":23,"column":2},"end":{"line":23,"column":9}},"13":{"start":{"line":24,"column":2},"end":{"line":26,"column":3}},"14":{"start":{"line":25,"column":4},"end":{"line":25,"column":37}},"15":{"start":{"line":27,"column":2},"end":{"line":27,"column":23}},"16":{"start":{"line":30,"column":0},"end":{"line":30,"column":73}}},"fnMap":{"0":{"name":"(anonymous_0)","decl":{"start":{"line":1,"column":20},"end":{"line":1,"column":21}},"loc":{"start":{"line":1,"column":32},"end":{"line":3,"column":1}},"line":1},"1":{"name":"(anonymous_1)","decl":{"start":{"line":5,"column":17},"end":{"line":5,"column":18}},"loc":{"start":{"line":5,"column":27},"end":{"line":7,"column":1}},"line":5},"2":{"name":"(anonymous_2)","decl":{"start":{"line":9,"column":14},"end":{"line":9,"column":15}},"loc":{"start":{"line":9,"column":51},"end":{"line":11,"column":1}},"line":9},"3":{"name":"(anonymous_3)","decl":{"start":{"line":13,"column":18},"end":{"line":13,"column":19}},"loc":{"start":{"line":13,"column":24},"end":{"line":16,"column":1}},"line":13},"4":{"name":"(anonymous_4)","decl":{"start":{"line":18,"column":12},"end":{"line":18,"column":13}},"loc":{"start":{"line":18,"column":30},"end":{"line":20,"column":1}},"line":18},"5":{"name":"(anonymous_5)","decl":{"start":{"line":22,"column":14},"end":{"line":22,"column":15}},"loc":{"start":{"line":22,"column":25},"end":{"line":28,"column":1}},"line":22}},"branchMap":{"0":{"loc":{"start":{"line":2,"column":9},"end":{"line":2,"column":32}},"type":"cond-expr","locations":[{"start":{"line":2,"column":22},"end":{"line":2,"column":28}},{"start":{"line":2,"column":31},"end":{"line":2,"column":32}}],"line":2},"1":{"loc":{"start":{"line":24,"column":2},"end":{"line":26,"column":3}},"type":"if","locations":[{"start":{"line":24,"column":2},"end":{"line":26,"column":3}},{"start":{},"end":{}}],"line":24}},"s":{"0":1,"1":3,"2":1,"3":1,"4":1,"5":1,"6":1,"7":1,"8":1,"9":1,"10":1,"11":1,"12":7,"13":7,"14":6,"15":1,"16":1},"f":{"0":3,"1":1,"2":1,"3":1,"4":1,"5":7},"b":{"0":[1,2],"1":[6,1]},"_coverageSchema":"1a1c01bbd47fc00a2c39e90264f33305004495a9","hash":"ad718165bc935969a437985d0ac5e19308c7af2a"}
,"C:\\Users\\sobhi\\Desktop\\repo\\Google_bootcamp_JS\\day_18_Js_unit_testing\\src\\calculator.js": {"path":"C:\\Users\\sobhi\\Desktop\\repo\\Google_bootcamp_JS\\day_18_Js_unit_testing\\src\\calculator.js","statementMap":{"0":{"start":{"line":2,"column":2},"end":{"line":4,"column":3}},"1":{"start":{"line":3,"column":4},"end":{"line":3,"column":44}},"2":{"start":{"line":6,"column":2},"end":{"line":6,"column":49}},"3":{"start":{"line":6,"column":24},"end":{"line":6,"column":49}},"4":{"start":{"line":7,"column":2},"end":{"line":7,"column":49}},"5":{"start":{"line":7,"column":24},"end":{"line":7,"column":49}},"6":{"start":{"line":8,"column":2},"end":{"line":8,"column":49}},"7":{"start":{"line":8,"column":24},"end":{"line":8,"column":49}},"8":{"start":{"line":9,"column":2},"end":{"line":9,"column":49}},"9":{"start":{"line":9,"column":24},"end":{"line":9,"column":49}},"10":{"start":{"line":11,"column":2},"end":{"line":14,"column":4}},"11":{"start":{"line":17,"column":0},"end":{"line":17,"column":32}}},"fnMap":{"0":{"name":"calculator","decl":{"start":{"line":1,"column":9},"end":{"line":1,"column":19}},"loc":{"start":{"line":1,"column":48},"end":{"line":15,"column":1}},"line":1}},"branchMap":{"0":{"loc":{"start":{"line":2,"column":2},"end":{"line":4,"column":3}},"type":"if","locations":[{"start":{"line":2,"column":2},"end":{"line":4,"column":3}},{"start":{},"end":{}}],"line":2},"1":{"loc":{"start":{"line":2,"column":6},"end":{"line":2,"column":64}},"type":"binary-expr","locations":[{"start":{"line":2,"column":6},"end":{"line":2,"column":33}},{"start":{"line":2,"column":37},"end":{"line":2,"column":64}}],"line":2},"2":{"loc":{"start":{"line":6,"column":2},"end":{"line":6,"column":49}},"type":"if","locations":[{"start":{"line":6,"column":2},"end":{"line":6,"column":49}},{"start":{},"end":{}}],"line":6},"3":{"loc":{"start":{"line":7,"column":2},"end":{"line":7,"column":49}},"type":"if","locations":[{"start":{"line":7,"column":2},"end":{"line":7,"column":49}},{"start":{},"end":{}}],"line":7},"4":{"loc":{"start":{"line":8,"column":2},"end":{"line":8,"column":49}},"type":"if","locations":[{"start":{"line":8,"column":2},"end":{"line":8,"column":49}},{"start":{},"end":{}}],"line":8},"5":{"loc":{"start":{"line":9,"column":2},"end":{"line":9,"column":49}},"type":"if","locations":[{"start":{"line":9,"column":2},"end":{"line":9,"column":49}},{"start":{},"end":{}}],"line":9}},"s":{"0":7,"1":2,"2":5,"3":1,"4":4,"5":1,"6":3,"7":1,"8":2,"9":1,"10":1,"11":1},"f":{"0":7},"b":{"0":[2,5],"1":[7,6],"2":[1,4],"3":[1,3],"4":[1,2],"5":[1,1]},"_coverageSchema":"1a1c01bbd47fc00a2c39e90264f33305004495a9","hash":"26aba6870bf8bc9c22bcfca8bdf708b39caf7f15"}
,"C:\\Users\\sobhi\\Desktop\\repo\\Google_bootcamp_JS\\day_18_Js_unit_testing\\src\\script.js": {"path":"C:\\Users\\sobhi\\Desktop\\repo\\Google_bootcamp_JS\\day_18_Js_unit_testing\\src\\script.js","statementMap":{"0":{"start":{"line":2,"column":2},"end":{"line":4,"column":3}},"1":{"start":{"line":3,"column":4},"end":{"line":3,"column":14}},"2":{"start":{"line":8,"column":2},"end":{"line":14,"column":5}},"3":{"start":{"line":9,"column":4},"end":{"line":13,"column":5}},"4":{"start":{"line":10,"column":6},"end":{"line":10,"column":42}},"5":{"start":{"line":12,"column":6},"end":{"line":12,"column":44}},"6":{"start":{"line":17,"column":0},"end":{"line":17,"column":42}}},"fnMap":{"0":{"name":"connectToDb","decl":{"start":{"line":1,"column":9},"end":{"line":1,"column":20}},"loc":{"start":{"line":1,"column":38},"end":{"line":5,"column":1}},"line":1},"1":{"name":"getBook","decl":{"start":{"line":7,"column":9},"end":{"line":7,"column":16}},"loc":{"start":{"line":7,"column":25},"end":{"line":15,"column":1}},"line":7},"2":{"name":"(anonymous_2)","decl":{"start":{"line":8,"column":21},"end":{"line":8,"column":22}},"loc":{"start":{"line":8,"column":42},"end":{"line":14,"column":3}},"line":8}},"branchMap":{"0":{"loc":{"start":{"line":2,"column":2},"end":{"line":4,"column":3}},"type":"if","locations":[{"start":{"line":2,"column":2},"end":{"line":4,"column":3}},{"start":{},"end":{}}],"line":2},"1":{"loc":{"start":{"line":9,"column":4},"end":{"line":13,"column":5}},"type":"if","locations":[{"start":{"line":9,"column":4},"end":{"line":13,"column":5}},{"start":{"line":11,"column":11},"end":{"line":13,"column":5}}],"line":9}},"s":{"0":2,"1":1,"2":2,"3":2,"4":1,"5":1,"6":1},"f":{"0":2,"1":2,"2":2},"b":{"0":[1,1],"1":[1,1]},"_coverageSchema":"1a1c01bbd47fc00a2c39e90264f33305004495a9","hash":"534751d0cea6b9bce312dd620a8b78f7304b91f2"}
}
