TN:
SF:src\app.js
FN:1,(anonymous_0)
FN:5,(anonymous_1)
FN:9,(anonymous_2)
FN:13,(anonymous_3)
FN:18,(anonymous_4)
FN:22,(anonymous_5)
FNF:6
FNH:6
FNDA:3,(anonymous_0)
FNDA:1,(anonymous_1)
FNDA:1,(anonymous_2)
FNDA:1,(anonymous_3)
FNDA:1,(anonymous_4)
FNDA:7,(anonymous_5)
DA:1,1
DA:2,3
DA:5,1
DA:6,1
DA:9,1
DA:10,1
DA:13,1
DA:14,1
DA:15,1
DA:18,1
DA:19,1
DA:22,1
DA:23,7
DA:24,7
DA:25,6
DA:27,1
DA:30,1
LF:17
LH:17
BRDA:2,0,0,1
BRDA:2,0,1,2
BRDA:24,1,0,6
BRDA:24,1,1,1
BRF:4
BRH:4
end_of_record
TN:
SF:src\calculator.js
FN:1,calculator
FNF:1
FNH:1
FNDA:7,calculator
DA:2,7
DA:3,2
DA:6,5
DA:7,4
DA:8,3
DA:9,2
DA:11,1
DA:17,1
LF:8
LH:8
BRDA:2,0,0,2
BRDA:2,0,1,5
BRDA:2,1,0,7
BRDA:2,1,1,6
BRDA:6,2,0,1
BRDA:6,2,1,4
BRDA:7,3,0,1
BRDA:7,3,1,3
BRDA:8,4,0,1
BRDA:8,4,1,2
BRDA:9,5,0,1
BRDA:9,5,1,1
BRF:12
BRH:12
end_of_record
TN:
SF:src\script.js
FN:1,connectToDb
FN:7,getBook
FN:8,(anonymous_2)
FNF:3
FNH:3
FNDA:2,connectToDb
FNDA:2,getBook
FNDA:2,(anonymous_2)
DA:2,2
DA:3,1
DA:8,2
DA:9,2
DA:10,1
DA:12,1
DA:17,1
LF:7
LH:7
BRDA:2,0,0,1
BRDA:2,0,1,1
BRDA:9,1,0,1
BRDA:9,1,1,1
BRF:4
BRH:4
end_of_record
